[INPUT] Select IP (1-2) [Default 1] > 
[INPUT] Enter Port [Default 5000] > 
[2026-05-05 23:25:08] INFO: Server running at 10.19.12.127:5000
[2026-05-05 23:25:08] INFO: Starting server discovery beacon...
[2026-05-05 23:25:08] INFO: Game Logic Loop Started.
rand: DR_TicTacToe)
[2026-05-05 23:25:08] SUCCESS: Server Listening on ('10.19.12.127', 5000)
[2026-05-05 23:25:08] INFO: GID 1 connected from ('10.19.12.127', 52330)
[2026-05-05 23:25:08] SUCCESS: Player GID 1 connected.
[2026-05-05 23:25:11] INFO: gid = 1  data = {'type': 'player_move', 'GID': 1, 'symbol': 'x', 'click_col': 1, 'click_row': 0, 'game_id': 'DR_TicTacToe', 'version': '1.0'}
[2026-05-05 23:25:11] SUCCESS: Move accepted: x at (0, 1)
[2026-05-05 23:25:17] INFO: GID 2 connected from ('10.19.12.127', 57283)
[2026-05-05 23:25:17] SUCCESS: Player GID 2 connected.
[2026-05-05 23:25:20] INFO: gid = 2  data = {'type': 'player_move', 'GID': 2, 'symbol': 'o', 'click_col': 0, 'click_row': 1, 'game_id': 'DR_TicTacToe', 'version': '1.0'}
[2026-05-05 23:25:20] SUCCESS: Move accepted: o at (1, 0)
[2026-05-05 23:25:22] INFO: gid = 1  data = {'type': 'player_move', 'GID': 1, 'symbol': 'x', 'click_col': 1, 'click_row': 1, 'game_id': 'DR_TicTacToe', 'version': '1.0'}
[2026-05-05 23:25:22] SUCCESS: Move accepted: x at (1, 1)
[2026-05-05 23:25:23] INFO: gid = 2  data = {'type': 'player_move', 'GID': 2, 'symbol': 'o', 'click_col': 1, 'click_row': 1, 'game_id': 'DR_TicTacToe', 'version': '1.0'}
[2026-05-05 23:25:23] WARN: Invalid move attempted by 2
[2026-05-05 23:25:24] INFO: gid = 2  data = {'type': 'player_move', 'GID': 2, 'symbol': 'o', 'click_col': 1, 'click_row': 1, 'game_id': 'DR_TicTacToe', 'version': '1.0'}
[2026-05-05 23:25:24] WARN: Invalid move attempted by 2
[2026-05-05 23:25:25] INFO: gid = 2  data = {'type': 'player_move', 'GID': 2, 'symbol': 'o', 'click_col': 1, 'click_row': 1, 'game_id': 'DR_TicTacToe', 'version': '1.0'}
[2026-05-05 23:25:25] WARN: Invalid move attempted by 2
[2026-05-05 23:25:25] INFO: gid = 2  data = {'type': 'player_move', 'GID': 2, 'symbol': 'o', 'click_col': 1, 'click_row': 1, 'game_id': 'DR_TicTacToe', 'version': '1.0'}
[2026-05-05 23:25:25] WARN: Invalid move attempted by 2
[2026-05-05 23:25:26] INFO: gid = 2  data = {'type': 'player_move', 'GID': 2, 'symbol': 'o', 'click_col': 1, 'click_row': 2, 'game_id': 'DR_TicTacToe', 'version': '1.0'}
[2026-05-05 23:25:26] SUCCESS: Move accepted: o at (2, 1)
[2026-05-05 23:25:28] INFO: gid = 1  data = {'type': 'player_move', 'GID': 1, 'symbol': 'x', 'click_col': 2, 'click_row': 1, 'game_id': 'DR_TicTacToe', 'version': '1.0'}
[2026-05-05 23:25:28] SUCCESS: Move accepted: x at (1, 2)
[2026-05-05 23:25:29] INFO: gid = 2  data = {'type': 'player_move', 'GID': 2, 'symbol': 'o', 'click_col': 2, 'click_row': 0, 'game_id': 'DR_TicTacToe', 'version': '1.0'}
[2026-05-05 23:25:29] SUCCESS: Move accepted: o at (0, 2)
[2026-05-05 23:25:31] INFO: gid = 1  data = {'type': 'player_move', 'GID': 1, 'symbol': 'x', 'click_col': 0, 'click_row': 2, 'game_id': 'DR_TicTacToe', 'version': '1.0'}
[2026-05-05 23:25:31] SUCCESS: Move accepted: x at (2, 0)
[2026-05-05 23:25:32] INFO: gid = 2  data = {'type': 'player_move', 'GID': 2, 'symbol': 'o', 'click_col': 2, 'click_row': 2, 'game_id': 'DR_TicTacToe', 'version': '1.0'}
[2026-05-05 23:25:32] SUCCESS: Move accepted: o at (2, 2)
[2026-05-05 23:25:34] INFO: gid = 1  data = {'type': 'player_move', 'GID': 1, 'symbol': 'x', 'click_col': 0, 'click_row': 0, 'game_id': 'DR_TicTacToe', 'version': '1.0'}
[2026-05-05 23:25:34] SUCCESS: Move accepted: x at (0, 0)
