[INPUT] Enter Port [Default 5000] > 
[2026-05-06 13:07:53] INFO: Connecting to 10.19.12.127:5000...
[2026-05-06 13:07:53] SUCCESS: Joined the game! My GID is 2
[2026-05-06 13:07:53] INFO: Assigned symbol: o
[2026-05-06 13:08:28] ERROR: Lost connection! Attempting to reconnect...
[2026-05-06 13:08:28] INFO: Reconnect attempt 1...
[2026-05-06 13:08:28] SUCCESS: Joined the game! My GID is 2
[2026-05-06 13:08:28] INFO: Assigned symbol: o
[2026-05-06 13:08:28] SUCCESS: Re-established connection! GID: 2
[2026-05-06 13:09:03] ERROR: Lost connection! Attempting to reconnect...
[2026-05-06 13:09:03] INFO: Reconnect attempt 1...
[2026-05-06 13:09:03] SUCCESS: Joined the game! My GID is 2
[2026-05-06 13:09:03] INFO: Assigned symbol: o
[2026-05-06 13:09:03] SUCCESS: Re-established connection! GID: 2
[2026-05-06 13:09:38] ERROR: Lost connection! Attempting to reconnect...
[2026-05-06 13:09:38] INFO: Reconnect attempt 1...
[2026-05-06 13:09:38] SUCCESS: Joined the game! My GID is 2
[2026-05-06 13:09:38] INFO: Assigned symbol: o
[2026-05-06 13:09:38] SUCCESS: Re-established connection! GID: 2
[2026-05-06 13:10:08] ERROR: Lost connection! Attempting to reconnect...
[2026-05-06 13:10:08] INFO: Reconnect attempt 1...
[2026-05-06 13:10:08] SUCCESS: Joined the game! My GID is 2
[2026-05-06 13:10:08] INFO: Assigned symbol: o
[2026-05-06 13:10:08] SUCCESS: Re-established connection! GID: 2
[2026-05-06 13:10:43] ERROR: Lost connection! Attempting to reconnect...
[2026-05-06 13:10:43] INFO: Reconnect attempt 1...
[2026-05-06 13:10:43] SUCCESS: Joined the game! My GID is 2
[2026-05-06 13:10:43] INFO: Assigned symbol: o
[2026-05-06 13:10:43] SUCCESS: Re-established connection! GID: 2
[2026-05-06 13:11:13] ERROR: Lost connection! Attempting to reconnect...
[2026-05-06 13:11:13] INFO: Reconnect attempt 1...
[2026-05-06 13:11:13] SUCCESS: Joined the game! My GID is 2
[2026-05-06 13:11:13] INFO: Assigned symbol: o
[2026-05-06 13:11:13] SUCCESS: Re-established connection! GID: 2
[2026-05-06 13:11:43] ERROR: Lost connection! Attempting to reconnect...
[2026-05-06 13:11:43] INFO: Reconnect attempt 1...
[2026-05-06 13:11:43] SUCCESS: Joined the game! My GID is 2
[2026-05-06 13:11:43] INFO: Assigned symbol: o
[2026-05-06 13:11:43] SUCCESS: Re-established connection! GID: 2
[2026-05-06 13:12:18] ERROR: Lost connection! Attempting to reconnect...
[2026-05-06 13:12:18] INFO: Reconnect attempt 1...
[2026-05-06 13:12:18] SUCCESS: Joined the game! My GID is 2
[2026-05-06 13:12:18] INFO: Assigned symbol: o
[2026-05-06 13:12:18] SUCCESS: Re-established connection! GID: 2
[2026-05-06 13:12:53] ERROR: Lost connection! Attempting to reconnect...
[2026-05-06 13:12:53] INFO: Reconnect attempt 1...
[2026-05-06 13:12:53] SUCCESS: Joined the game! My GID is 2
[2026-05-06 13:12:53] INFO: Assigned symbol: o
[2026-05-06 13:12:53] SUCCESS: Re-established connection! GID: 2
[2026-05-06 13:13:23] ERROR: Lost connection! Attempting to reconnect...
[2026-05-06 13:13:23] INFO: Reconnect attempt 1...
[2026-05-06 13:13:23] SUCCESS: Joined the game! My GID is 2
[2026-05-06 13:13:23] INFO: Assigned symbol: o
[2026-05-06 13:13:23] SUCCESS: Re-established connection! GID: 2
[2026-05-06 13:13:53] ERROR: Lost connection! Attempting to reconnect...
[2026-05-06 13:13:53] INFO: Reconnect attempt 1...
[2026-05-06 13:13:53] SUCCESS: Joined the game! My GID is 2
[2026-05-06 13:13:53] INFO: Assigned symbol: o
[2026-05-06 13:13:53] SUCCESS: Re-established connection! GID: 2
[2026-05-06 13:14:23] ERROR: Lost connection! Attempting to reconnect...
[2026-05-06 13:14:23] INFO: Reconnect attempt 1...
[2026-05-06 13:14:23] SUCCESS: Joined the game! My GID is 2
[2026-05-06 13:14:23] INFO: Assigned symbol: o
[2026-05-06 13:14:23] SUCCESS: Re-established connection! GID: 2
[2026-05-06 13:14:58] ERROR: Lost connection! Attempting to reconnect...
[2026-05-06 13:14:58] INFO: Reconnect attempt 1...
[2026-05-06 13:14:58] SUCCESS: Joined the game! My GID is 2
[2026-05-06 13:14:58] INFO: Assigned symbol: o
[2026-05-06 13:14:58] SUCCESS: Re-established connection! GID: 2
[2026-05-06 13:15:33] ERROR: Lost connection! Attempting to reconnect...
[2026-05-06 13:15:33] INFO: Reconnect attempt 1...
[2026-05-06 13:15:33] SUCCESS: Joined the game! My GID is 2
[2026-05-06 13:15:33] INFO: Assigned symbol: o
[2026-05-06 13:15:33] SUCCESS: Re-established connection! GID: 2
[2026-05-06 13:16:03] ERROR: Lost connection! Attempting to reconnect...
[2026-05-06 13:16:03] INFO: Reconnect attempt 1...
[2026-05-06 13:16:03] SUCCESS: Joined the game! My GID is 2
[2026-05-06 13:16:03] INFO: Assigned symbol: o
[2026-05-06 13:16:03] SUCCESS: Re-established connection! GID: 2
