[INPUT] Select IP (1-2) [Default 1] > 
[INPUT] Enter Port [Default 5000] > 
[2026-05-05 23:34:46] INFO: Server running at 10.19.12.127:5000
[2026-05-05 23:34:46] INFO: Starting server discovery beacon...
[2026-05-05 23:34:46] INFO: Game Logic Loop Started.
[2026-05-05 23:34:46] INFO: Discovery beacon active (Brand: DR_TicTacToe)
[2026-05-05 23:34:46] SUCCESS: Server Listening on ('10.19.12.127', 5000)
[2026-05-05 23:34:47] INFO: GID 1 connected from ('10.19.12.127', 58658)
[2026-05-05 23:34:47] INFO: GID 2 connected from ('10.19.12.127', 58659)
[2026-05-05 23:34:47] SUCCESS: Player GID 1 connected.
[2026-05-05 23:34:47] SUCCESS: Player GID 2 connected.
[2026-05-05 23:34:52] INFO: gid = 1  data = {'type': 'player_move', 'GID': 1, 'symbol': 'x', 'click_col': 2, 'click_row': 0, 'game_id': 'DR_TicTacToe', 'version': '1.0'}
[2026-05-05 23:34:52] SUCCESS: Move accepted: x at (0, 2)
[2026-05-05 23:34:53] INFO: gid = 2  data = {'type': 'player_move', 'GID': 2, 'symbol': 'o', 'click_col': 1, 'click_row': 0, 'game_id': 'DR_TicTacToe', 'version': '1.0'}
[2026-05-05 23:34:53] SUCCESS: Move accepted: o at (0, 1)
[2026-05-05 23:34:54] INFO: gid = 1  data = {'type': 'player_move', 'GID': 1, 'symbol': 'x', 'click_col': 1, 'click_row': 1, 'game_id': 'DR_TicTacToe', 'version': '1.0'}
[2026-05-05 23:34:54] SUCCESS: Move accepted: x at (1, 1)
[2026-05-05 23:34:55] INFO: gid = 2  data = {'type': 'player_move', 'GID': 2, 'symbol': 'o', 'click_col': 2, 'click_row': 1, 'game_id': 'DR_TicTacToe', 'version': '1.0'}
[2026-05-05 23:34:55] SUCCESS: Move accepted: o at (1, 2)
[2026-05-05 23:34:58] INFO: gid = 1  data = {'type': 'player_move', 'GID': 1, 'symbol': 'x', 'click_col': 0, 'click_row': 2, 'game_id': 'DR_TicTacToe', 'version': '1.0'}
[2026-05-05 23:34:58] SUCCESS: Move accepted: x at (2, 0)
[2026-05-05 23:35:02] INFO: gid = 2  data = {'type': 'player_move', 'GID': 2, 'symbol': 'o', 'click_col': 0, 'click_row': 0, 'game_id': 'DR_TicTacToe', 'version': '1.0'}
[2026-05-05 23:35:02] SUCCESS: Move accepted: o at (0, 0)
