[INPUT] Enter Port [Default 5000] > 
[2026-05-05 22:37:08] INFO: Connecting to 10.19.12.127:5000...
[2026-05-05 22:37:08] SUCCESS: Joined the game! My GID is 2
[2026-05-05 22:37:08] INFO: Assigned symbol: o
[2026-05-05 22:42:04] ERROR: Lost connection! Attempting to reconnect...
[2026-05-05 22:42:04] INFO: Reconnect attempt 1...
[2026-05-05 22:42:06] SUCCESS: Joined the game! My GID is 2
[2026-05-05 22:42:06] INFO: Assigned symbol: o
[2026-05-05 22:42:06] SUCCESS: Re-established connection! GID: 2
[2026-05-05 22:42:10] ERROR: Lost connection! Attempting to reconnect...
[2026-05-05 22:42:10] INFO: Reconnect attempt 1...
[2026-05-05 22:42:10] SUCCESS: Joined the game! My GID is 2
[2026-05-05 22:42:10] INFO: Assigned symbol: x
[2026-05-05 22:42:10] SUCCESS: Re-established connection! GID: 2
[2026-05-05 22:50:42] ERROR: Lost connection! Attempting to reconnect...
[2026-05-05 22:50:42] INFO: Reconnect attempt 1...
[2026-05-05 22:50:44] WARN: Attempt 1 failed: [WinError 10061] No connection could be made because the target machine actively refused it
[2026-05-05 22:50:46] INFO: Reconnect attempt 2...
[2026-05-05 22:50:46] SUCCESS: Joined the game! My GID is 1
[2026-05-05 22:50:46] INFO: Assigned symbol: x
[2026-05-05 22:50:46] SUCCESS: Re-established connection! GID: 1
[2026-05-05 22:53:39] ERROR: Lost connection! Attempting to reconnect...
[2026-05-05 22:53:39] INFO: Reconnect attempt 1...
[2026-05-05 22:53:41] WARN: Attempt 1 failed: [WinError 10061] No connection could be made because the target machine actively refused it
[2026-05-05 22:53:43] INFO: Reconnect attempt 2...
[2026-05-05 22:53:43] SUCCESS: Joined the game! My GID is 2
[2026-05-05 22:53:43] INFO: Assigned symbol: o
[2026-05-05 22:53:43] SUCCESS: Re-established connection! GID: 2
[2026-05-05 22:59:48] ERROR: Lost connection! Attempting to reconnect...
[2026-05-05 22:59:48] INFO: Reconnect attempt 1...
[2026-05-05 22:59:50] WARN: Attempt 1 failed: [WinError 10061] No connection could be made because the target machine actively refused it
[2026-05-05 22:59:52] INFO: Reconnect attempt 2...
[2026-05-05 22:59:52] SUCCESS: Joined the game! My GID is 1
[2026-05-05 22:59:52] INFO: Assigned symbol: x
[2026-05-05 22:59:52] SUCCESS: Re-established connection! GID: 1
