[INPUT] Enter Port [Default 5000] > 
[2026-05-05 23:25:17] INFO: Connecting to 10.19.12.127:5000...
[2026-05-05 23:25:17] SUCCESS: Joined the game! My GID is 2
[2026-05-05 23:25:17] INFO: Assigned symbol: o
[2026-05-05 23:25:40] ERROR: Lost connection! Attempting to reconnect...
[2026-05-05 23:25:40] INFO: Reconnect attempt 1...
[2026-05-05 23:25:42] WARN: Attempt 1 failed: [WinError 10061] No connection could be made because the target machine actively refused it
[2026-05-05 23:25:44] INFO: Reconnect attempt 2...
[2026-05-05 23:25:44] SUCCESS: Joined the game! My GID is 2
[2026-05-05 23:25:44] INFO: Assigned symbol: o
[2026-05-05 23:25:44] SUCCESS: Re-established connection! GID: 2
[2026-05-05 23:27:56] ERROR: Lost connection! Attempting to reconnect...
[2026-05-05 23:27:56] INFO: Reconnect attempt 1...
[2026-05-05 23:27:58] SUCCESS: Joined the game! My GID is 2
[2026-05-05 23:27:58] INFO: Assigned symbol: o
[2026-05-05 23:27:58] SUCCESS: Re-established connection! GID: 2
[2026-05-05 23:28:46] ERROR: Lost connection! Attempting to reconnect...
[2026-05-05 23:28:46] INFO: Reconnect attempt 1...
[2026-05-05 23:28:48] WARN: Attempt 1 failed: [WinError 10061] No connection could be made because the target machine actively refused it
[2026-05-05 23:28:50] INFO: Reconnect attempt 2...
[2026-05-05 23:28:50] SUCCESS: Joined the game! My GID is 2
[2026-05-05 23:28:50] INFO: Assigned symbol: o
[2026-05-05 23:28:50] SUCCESS: Re-established connection! GID: 2
