[INPUT] Select IP (1-2) [Default 1] > 
[INPUT] Enter Port [Default 5000] > 
[2026-05-05 23:27:58] INFO: Server running at 10.19.12.127:5000
[2026-05-05 23:27:58] INFO: Starting server discovery beacon...
[2026-05-05 23:27:58] INFO: Discovery beacon active (Brand: DR_TicTacToe)
[2026-05-05 23:27:58] INFO: Game Logic Loop Started.
[2026-05-05 23:27:58] SUCCESS: Server Listening on ('10.19.12.127', 5000)
[2026-05-05 23:27:58] INFO: GID 1 connected from ('10.19.12.127', 62751)
[2026-05-05 23:27:58] INFO: GID 2 connected from ('10.19.12.127', 62750)
[2026-05-05 23:27:58] SUCCESS: Player GID 1 connected.
[2026-05-05 23:27:58] SUCCESS: Player GID 2 connected.
[2026-05-05 23:28:00] INFO: gid = 2  data = {'type': 'player_move', 'GID': 2, 'symbol': 'o', 'click_col': 2, 'click_row': 0, 'game_id': 'DR_TicTacToe', 'version': '1.0'}
[2026-05-05 23:28:00] WARN: Invalid move attempted by 2
[2026-05-05 23:28:00] INFO: gid = 2  data = {'type': 'player_move', 'GID': 2, 'symbol': 'o', 'click_col': 2, 'click_row': 0, 'game_id': 'DR_TicTacToe', 'version': '1.0'}
[2026-05-05 23:28:00] WARN: Invalid move attempted by 2
[2026-05-05 23:28:38] INFO: gid = 1  data = {'type': 'player_move', 'GID': 1, 'symbol': 'x', 'click_col': 0, 'click_row': 0, 'game_id': 'DR_TicTacToe', 'version': '1.0'}
[2026-05-05 23:28:38] SUCCESS: Move accepted: x at (0, 0)
[2026-05-05 23:28:40] INFO: gid = 2  data = {'type': 'player_move', 'GID': 2, 'symbol': 'o', 'click_col': 1, 'click_row': 0, 'game_id': 'DR_TicTacToe', 'version': '1.0'}
[2026-05-05 23:28:40] SUCCESS: Move accepted: o at (0, 1)
[2026-05-05 23:28:41] INFO: gid = 1  data = {'type': 'player_move', 'GID': 1, 'symbol': 'x', 'click_col': 1, 'click_row': 1, 'game_id': 'DR_TicTacToe', 'version': '1.0'}
[2026-05-05 23:28:41] SUCCESS: Move accepted: x at (1, 1)
[2026-05-05 23:28:43] INFO: gid = 2  data = {'type': 'player_move', 'GID': 2, 'symbol': 'o', 'click_col': 2, 'click_row': 1, 'game_id': 'DR_TicTacToe', 'version': '1.0'}
[2026-05-05 23:28:43] SUCCESS: Move accepted: o at (1, 2)
[2026-05-05 23:28:43] INFO: gid = 2  data = {'type': 'player_move', 'GID': 2, 'symbol': 'o', 'click_col': 2, 'click_row': 2, 'game_id': 'DR_TicTacToe', 'version': '1.0'}
[2026-05-05 23:28:43] WARN: Invalid move attempted by 2
[2026-05-05 23:28:43] INFO: gid = 2  data = {'type': 'player_move', 'GID': 2, 'symbol': 'o', 'click_col': 2, 'click_row': 2, 'game_id': 'DR_TicTacToe', 'version': '1.0'}
[2026-05-05 23:28:43] WARN: Invalid move attempted by 2
[2026-05-05 23:28:45] INFO: gid = 1  data = {'type': 'player_move', 'GID': 1, 'symbol': 'x', 'click_col': 2, 'click_row': 2, 'game_id': 'DR_TicTacToe', 'version': '1.0'}
[2026-05-05 23:28:45] SUCCESS: Move accepted: x at (2, 2)
