[INPUT] Enter Port [Default 5000] > 
[2026-05-05 22:07:14] INFO: Connecting to 10.19.12.127:5000...
[2026-05-05 22:07:14] SUCCESS: Joined the game! My GID is 3
[2026-05-05 22:07:14] INFO: Assigned symbol: x
[2026-05-05 22:11:03] ERROR: Lost connection! Attempting to reconnect...
[2026-05-05 22:11:03] INFO: Reconnect attempt 1...
[2026-05-05 22:11:05] WARN: Attempt 1 failed: [WinError 10061] No connection could be made because the target machine actively refused it
[2026-05-05 22:11:07] INFO: Reconnect attempt 2...
[2026-05-05 22:11:07] SUCCESS: Joined the game! My GID is 2
[2026-05-05 22:11:07] INFO: Assigned symbol: o
[2026-05-05 22:11:07] SUCCESS: Re-established connection! GID: 2
[2026-05-05 22:11:09] ERROR: Lost connection! Attempting to reconnect...
[2026-05-05 22:11:09] INFO: Reconnect attempt 1...
[2026-05-05 22:11:09] SUCCESS: Joined the game! My GID is 2
[2026-05-05 22:11:09] INFO: Assigned symbol: x
[2026-05-05 22:11:09] SUCCESS: Re-established connection! GID: 2
[2026-05-05 22:11:14] ERROR: Lost connection! Attempting to reconnect...
[2026-05-05 22:11:14] INFO: Reconnect attempt 1...
[2026-05-05 22:11:14] SUCCESS: Joined the game! My GID is 2
[2026-05-05 22:11:14] INFO: Assigned symbol: o
[2026-05-05 22:11:14] SUCCESS: Re-established connection! GID: 2
[2026-05-05 22:11:44] ERROR: Lost connection! Attempting to reconnect...
[2026-05-05 22:11:44] INFO: Reconnect attempt 1...
[2026-05-05 22:11:44] SUCCESS: Joined the game! My GID is 2
[2026-05-05 22:11:44] INFO: Assigned symbol: o
[2026-05-05 22:11:44] SUCCESS: Re-established connection! GID: 2
[2026-05-05 22:12:00] ERROR: Lost connection! Attempting to reconnect...
[2026-05-05 22:12:00] INFO: Reconnect attempt 1...
[2026-05-05 22:12:02] WARN: Attempt 1 failed: [WinError 10061] No connection could be made because the target machine actively refused it
[2026-05-05 22:12:04] INFO: Reconnect attempt 2...
[2026-05-05 22:12:04] SUCCESS: Joined the game! My GID is 1
[2026-05-05 22:12:04] INFO: Assigned symbol: x
[2026-05-05 22:12:04] SUCCESS: Re-established connection! GID: 1
[2026-05-05 22:12:38] ERROR: Lost connection! Attempting to reconnect...
[2026-05-05 22:12:38] INFO: Reconnect attempt 1...
[2026-05-05 22:12:40] WARN: Attempt 1 failed: [WinError 10061] No connection could be made because the target machine actively refused it
[2026-05-05 22:12:42] INFO: Reconnect attempt 2...
[2026-05-05 22:12:44] WARN: Attempt 2 failed: [WinError 10061] No connection could be made because the target machine actively refused it
[2026-05-05 22:12:46] INFO: Reconnect attempt 3...
[2026-05-05 22:12:48] WARN: Attempt 3 failed: [WinError 10061] No connection could be made because the target machine actively refused it
[2026-05-05 22:12:50] INFO: Reconnect attempt 4...
[2026-05-05 22:12:52] WARN: Attempt 4 failed: [WinError 10061] No connection could be made because the target machine actively refused it
[2026-05-05 22:12:54] INFO: Reconnect attempt 5...
[2026-05-05 22:12:56] WARN: Attempt 5 failed: [WinError 10061] No connection could be made because the target machine actively refused it
[2026-05-05 22:12:58] INFO: Reconnect attempt 6...
[2026-05-05 22:12:59] SUCCESS: Joined the game! My GID is 1
[2026-05-05 22:12:59] INFO: Assigned symbol: x
[2026-05-05 22:12:59] SUCCESS: Re-established connection! GID: 1
[2026-05-05 22:20:07] ERROR: Lost connection! Attempting to reconnect...
[2026-05-05 22:20:07] INFO: Reconnect attempt 1...
[2026-05-05 22:20:09] WARN: Attempt 1 failed: [WinError 10061] No connection could be made because the target machine actively refused it
[2026-05-05 22:20:11] INFO: Reconnect attempt 2...
[2026-05-05 22:20:12] SUCCESS: Joined the game! My GID is 2
[2026-05-05 22:20:12] INFO: Assigned symbol: o
[2026-05-05 22:20:12] SUCCESS: Re-established connection! GID: 2
