[INPUT] Enter Port [Default 5000] > 
[2026-05-05 23:00:51] INFO: Connecting to 10.19.12.127:5000...
[2026-05-05 23:00:51] SUCCESS: Joined the game! My GID is 2
[2026-05-05 23:00:51] INFO: Assigned symbol: o
[2026-05-05 23:01:03] ERROR: Lost connection! Attempting to reconnect...
[2026-05-05 23:01:03] INFO: Reconnect attempt 1...
[2026-05-05 23:01:04] SUCCESS: Joined the game! My GID is 1
[2026-05-05 23:01:04] INFO: Assigned symbol: x
[2026-05-05 23:01:04] SUCCESS: Re-established connection! GID: 1
[2026-05-05 23:03:30] ERROR: Lost connection! Attempting to reconnect...
[2026-05-05 23:03:30] INFO: Reconnect attempt 1...
[2026-05-05 23:03:32] WARN: Attempt 1 failed: [WinError 10061] No connection could be made because the target machine actively refused it
[2026-05-05 23:03:34] INFO: Reconnect attempt 2...
[2026-05-05 23:03:34] SUCCESS: Joined the game! My GID is 2
[2026-05-05 23:03:34] INFO: Assigned symbol: x
[2026-05-05 23:03:34] ERROR: Lost connection! Attempting to reconnect...
[2026-05-05 23:03:34] INFO: Reconnect attempt 1...
[2026-05-05 23:03:36] WARN: Attempt 1 failed: [WinError 10061] No connection could be made because the target machine actively refused it
[2026-05-05 23:03:38] INFO: Reconnect attempt 2...
[2026-05-05 23:03:39] INFO: Reconnect attempt 3...
[2026-05-05 23:03:40] WARN: Attempt 2 failed: [WinError 10061] No connection could be made because the target machine actively refused it
[2026-05-05 23:03:41] WARN: Attempt 3 failed: [WinError 10061] No connection could be made because the target machine actively refused it
[2026-05-05 23:03:42] INFO: Reconnect attempt 3...
[2026-05-05 23:03:43] INFO: Reconnect attempt 4...
[2026-05-05 23:03:44] WARN: Attempt 3 failed: [WinError 10061] No connection could be made because the target machine actively refused it
[2026-05-05 23:03:45] WARN: Attempt 4 failed: [WinError 10061] No connection could be made because the target machine actively refused it
[2026-05-05 23:03:46] INFO: Reconnect attempt 4...
[2026-05-05 23:03:47] INFO: Reconnect attempt 5...
[2026-05-05 23:03:48] SUCCESS: Joined the game! My GID is 2
[2026-05-05 23:03:48] INFO: Assigned symbol: o
[2026-05-05 23:03:48] SUCCESS: Re-established connection! GID: 2
[2026-05-05 23:03:48] SUCCESS: Re-established connection! GID: 2
[2026-05-05 23:03:48] ERROR: Lost connection! Attempting to reconnect...
[2026-05-05 23:03:48] INFO: Reconnect attempt 1...
[2026-05-05 23:03:50] WARN: Attempt 1 failed: [WinError 10061] No connection could be made because the target machine actively refused it
[2026-05-05 23:03:52] INFO: Reconnect attempt 2...
[2026-05-05 23:03:54] WARN: Attempt 2 failed: [WinError 10061] No connection could be made because the target machine actively refused it
[2026-05-05 23:03:56] INFO: Reconnect attempt 3...
[2026-05-05 23:03:58] WARN: Attempt 3 failed: [WinError 10061] No connection could be made because the target machine actively refused it
[2026-05-05 23:04:00] INFO: Reconnect attempt 4...
[2026-05-05 23:04:02] WARN: Attempt 4 failed: [WinError 10061] No connection could be made because the target machine actively refused it
[2026-05-05 23:04:04] INFO: Reconnect attempt 5...
[2026-05-05 23:04:06] WARN: Attempt 5 failed: [WinError 10061] No connection could be made because the target machine actively refused it
[2026-05-05 23:04:08] INFO: Reconnect attempt 6...
[2026-05-05 23:04:10] SUCCESS: Joined the game! My GID is 1
[2026-05-05 23:04:10] INFO: Assigned symbol: x
[2026-05-05 23:04:10] SUCCESS: Re-established connection! GID: 1
[2026-05-05 23:04:10] ERROR: Lost connection! Attempting to reconnect...
[2026-05-05 23:04:10] INFO: Reconnect attempt 1...
[2026-05-05 23:04:12] WARN: Attempt 1 failed: [WinError 10061] No connection could be made because the target machine actively refused it
[2026-05-05 23:04:14] INFO: Reconnect attempt 2...
[2026-05-05 23:04:16] WARN: Attempt 2 failed: [WinError 10061] No connection could be made because the target machine actively refused it
[2026-05-05 23:04:18] INFO: Reconnect attempt 3...
[2026-05-05 23:04:20] WARN: Attempt 3 failed: [WinError 10061] No connection could be made because the target machine actively refused it
[2026-05-05 23:04:22] INFO: Reconnect attempt 4...
[2026-05-05 23:04:24] WARN: Attempt 4 failed: [WinError 10061] No connection could be made because the target machine actively refused it
[2026-05-05 23:04:26] INFO: Reconnect attempt 5...
[2026-05-05 23:04:28] WARN: Attempt 5 failed: [WinError 10061] No connection could be made because the target machine actively refused it
[2026-05-05 23:04:30] INFO: Reconnect attempt 6...
[2026-05-05 23:04:32] WARN: Attempt 6 failed: [WinError 10061] No connection could be made because the target machine actively refused it
[2026-05-05 23:04:34] INFO: Reconnect attempt 7...
[2026-05-05 23:04:36] WARN: Attempt 7 failed: [WinError 10061] No connection could be made because the target machine actively refused it
[2026-05-05 23:04:38] INFO: Reconnect attempt 8...
[2026-05-05 23:04:40] WARN: Attempt 8 failed: [WinError 10061] No connection could be made because the target machine actively refused it
[2026-05-05 23:04:42] INFO: Reconnect attempt 9...
[2026-05-05 23:04:44] WARN: Attempt 9 failed: [WinError 10061] No connection could be made because the target machine actively refused it
[2026-05-05 23:04:46] INFO: Reconnect attempt 10...
[2026-05-05 23:04:47] SUCCESS: Joined the game! My GID is 1
[2026-05-05 23:04:47] INFO: Assigned symbol: o
[2026-05-05 23:04:47] SUCCESS: Re-established connection! GID: 1
[2026-05-05 23:05:13] ERROR: Lost connection! Attempting to reconnect...
[2026-05-05 23:05:13] INFO: Reconnect attempt 1...
[2026-05-05 23:05:15] SUCCESS: Joined the game! My GID is 1
[2026-05-05 23:05:15] INFO: Assigned symbol: x
[2026-05-05 23:05:15] SUCCESS: Re-established connection! GID: 1
[2026-05-05 23:05:21] ERROR: Lost connection! Attempting to reconnect...
[2026-05-05 23:05:21] INFO: Reconnect attempt 1...
[2026-05-05 23:05:23] WARN: Attempt 1 failed: [WinError 10061] No connection could be made because the target machine actively refused it
[2026-05-05 23:05:25] INFO: Reconnect attempt 2...
[2026-05-05 23:05:26] SUCCESS: Joined the game! My GID is 2
[2026-05-05 23:05:26] INFO: Assigned symbol: o
[2026-05-05 23:05:26] SUCCESS: Re-established connection! GID: 2
