[INPUT] Enter Port [Default 5000] > 
[2026-05-06 13:07:41] INFO: Connecting to 10.19.12.127:5000...
[2026-05-06 13:07:41] SUCCESS: Joined the game! My GID is 1
[2026-05-06 13:07:41] INFO: Assigned symbol: x
[2026-05-06 13:08:13] ERROR: Lost connection! Attempting to reconnect...
[2026-05-06 13:08:13] INFO: Reconnect attempt 1...
[2026-05-06 13:08:13] SUCCESS: Joined the game! My GID is 1
[2026-05-06 13:08:13] INFO: Assigned symbol: x
[2026-05-06 13:08:13] SUCCESS: Re-established connection! GID: 1
[2026-05-06 13:08:43] ERROR: Lost connection! Attempting to reconnect...
[2026-05-06 13:08:43] INFO: Reconnect attempt 1...
[2026-05-06 13:08:43] SUCCESS: Joined the game! My GID is 1
[2026-05-06 13:08:43] INFO: Assigned symbol: x
[2026-05-06 13:08:43] SUCCESS: Re-established connection! GID: 1
[2026-05-06 13:09:13] ERROR: Lost connection! Attempting to reconnect...
[2026-05-06 13:09:13] INFO: Reconnect attempt 1...
[2026-05-06 13:09:13] SUCCESS: Joined the game! My GID is 1
[2026-05-06 13:09:13] INFO: Assigned symbol: x
[2026-05-06 13:09:13] SUCCESS: Re-established connection! GID: 1
[2026-05-06 13:09:43] ERROR: Lost connection! Attempting to reconnect...
[2026-05-06 13:09:43] INFO: Reconnect attempt 1...
[2026-05-06 13:09:43] SUCCESS: Joined the game! My GID is 1
[2026-05-06 13:09:43] INFO: Assigned symbol: x
[2026-05-06 13:09:43] SUCCESS: Re-established connection! GID: 1
[2026-05-06 13:10:13] ERROR: Lost connection! Attempting to reconnect...
[2026-05-06 13:10:13] INFO: Reconnect attempt 1...
[2026-05-06 13:10:13] SUCCESS: Joined the game! My GID is 1
[2026-05-06 13:10:13] INFO: Assigned symbol: x
[2026-05-06 13:10:13] SUCCESS: Re-established connection! GID: 1
[2026-05-06 13:10:43] ERROR: Lost connection! Attempting to reconnect...
[2026-05-06 13:10:43] INFO: Reconnect attempt 1...
[2026-05-06 13:10:43] SUCCESS: Joined the game! My GID is 1
[2026-05-06 13:10:43] INFO: Assigned symbol: x
[2026-05-06 13:10:43] SUCCESS: Re-established connection! GID: 1
[2026-05-06 13:11:13] ERROR: Lost connection! Attempting to reconnect...
[2026-05-06 13:11:13] INFO: Reconnect attempt 1...
[2026-05-06 13:11:13] SUCCESS: Joined the game! My GID is 1
[2026-05-06 13:11:13] INFO: Assigned symbol: x
[2026-05-06 13:11:13] SUCCESS: Re-established connection! GID: 1
[2026-05-06 13:11:43] ERROR: Lost connection! Attempting to reconnect...
[2026-05-06 13:11:43] INFO: Reconnect attempt 1...
[2026-05-06 13:11:43] SUCCESS: Joined the game! My GID is 1
[2026-05-06 13:11:43] INFO: Assigned symbol: x
[2026-05-06 13:11:43] SUCCESS: Re-established connection! GID: 1
[2026-05-06 13:12:18] ERROR: Lost connection! Attempting to reconnect...
[2026-05-06 13:12:18] INFO: Reconnect attempt 1...
[2026-05-06 13:12:18] SUCCESS: Joined the game! My GID is 1
[2026-05-06 13:12:18] INFO: Assigned symbol: x
[2026-05-06 13:12:18] SUCCESS: Re-established connection! GID: 1
[2026-05-06 13:12:53] ERROR: Lost connection! Attempting to reconnect...
[2026-05-06 13:12:53] INFO: Reconnect attempt 1...
[2026-05-06 13:12:53] SUCCESS: Joined the game! My GID is 1
[2026-05-06 13:12:53] INFO: Assigned symbol: x
[2026-05-06 13:12:53] SUCCESS: Re-established connection! GID: 1
[2026-05-06 13:13:23] ERROR: Lost connection! Attempting to reconnect...
[2026-05-06 13:13:23] INFO: Reconnect attempt 1...
[2026-05-06 13:13:23] SUCCESS: Joined the game! My GID is 1
[2026-05-06 13:13:23] INFO: Assigned symbol: x
[2026-05-06 13:13:23] SUCCESS: Re-established connection! GID: 1
[2026-05-06 13:13:53] ERROR: Lost connection! Attempting to reconnect...
[2026-05-06 13:13:53] INFO: Reconnect attempt 1...
[2026-05-06 13:13:53] SUCCESS: Joined the game! My GID is 1
[2026-05-06 13:13:53] INFO: Assigned symbol: x
[2026-05-06 13:13:53] SUCCESS: Re-established connection! GID: 1
[2026-05-06 13:14:28] ERROR: Lost connection! Attempting to reconnect...
[2026-05-06 13:14:28] INFO: Reconnect attempt 1...
[2026-05-06 13:14:28] SUCCESS: Joined the game! My GID is 1
[2026-05-06 13:14:28] INFO: Assigned symbol: x
[2026-05-06 13:14:28] SUCCESS: Re-established connection! GID: 1
[2026-05-06 13:15:03] ERROR: Lost connection! Attempting to reconnect...
[2026-05-06 13:15:03] INFO: Reconnect attempt 1...
[2026-05-06 13:15:03] SUCCESS: Joined the game! My GID is 1
[2026-05-06 13:15:03] INFO: Assigned symbol: x
[2026-05-06 13:15:03] SUCCESS: Re-established connection! GID: 1
[2026-05-06 13:15:33] ERROR: Lost connection! Attempting to reconnect...
[2026-05-06 13:15:33] INFO: Reconnect attempt 1...
[2026-05-06 13:15:33] SUCCESS: Joined the game! My GID is 1
[2026-05-06 13:15:33] INFO: Assigned symbol: x
[2026-05-06 13:15:33] SUCCESS: Re-established connection! GID: 1
