[INPUT] Enter Port [5000] > 
[2026-05-05 22:20:30] INFO: Connecting to 10.19.12.127:5000...
[2026-05-05 22:20:30] SUCCESS: Joined game! GID: 3
[2026-05-05 22:20:30] INFO: Assigned symbol: x
[2026-05-05 22:21:30] ERROR: Lost connection! Attempting to reconnect...
[2026-05-05 22:21:30] INFO: Reconnect attempt 1...
[2026-05-05 22:21:30] SUCCESS: Joined game! GID: 3
[2026-05-05 22:21:30] INFO: Assigned symbol: x
[2026-05-05 22:21:30] SUCCESS: Re-established connection! GID: 3
[2026-05-05 22:22:30] ERROR: Lost connection! Attempting to reconnect...
[2026-05-05 22:22:30] INFO: Reconnect attempt 1...
[2026-05-05 22:22:30] SUCCESS: Joined game! GID: 3
[2026-05-05 22:22:30] INFO: Assigned symbol: x
[2026-05-05 22:22:30] SUCCESS: Re-established connection! GID: 3
[2026-05-05 22:23:54] ERROR: Lost connection! Attempting to reconnect...
[2026-05-05 22:23:54] INFO: Reconnect attempt 1...
[2026-05-05 22:23:54] SUCCESS: Joined game! GID: 3
[2026-05-05 22:23:54] INFO: Assigned symbol: o
[2026-05-05 22:23:54] SUCCESS: Re-established connection! GID: 3
[2026-05-05 22:24:54] ERROR: Lost connection! Attempting to reconnect...
[2026-05-05 22:24:54] INFO: Reconnect attempt 1...
[2026-05-05 22:24:54] SUCCESS: Joined game! GID: 3
[2026-05-05 22:24:54] INFO: Assigned symbol: o
[2026-05-05 22:24:54] SUCCESS: Re-established connection! GID: 3
[2026-05-05 22:25:54] ERROR: Lost connection! Attempting to reconnect...
[2026-05-05 22:25:54] INFO: Reconnect attempt 1...
[2026-05-05 22:25:54] SUCCESS: Joined game! GID: 3
[2026-05-05 22:25:54] INFO: Assigned symbol: o
[2026-05-05 22:25:54] SUCCESS: Re-established connection! GID: 3
[2026-05-05 22:26:54] ERROR: Lost connection! Attempting to reconnect...
[2026-05-05 22:26:54] INFO: Reconnect attempt 1...
[2026-05-05 22:26:54] SUCCESS: Joined game! GID: 3
[2026-05-05 22:26:54] INFO: Assigned symbol: o
[2026-05-05 22:26:54] SUCCESS: Re-established connection! GID: 3
[2026-05-05 22:27:54] ERROR: Lost connection! Attempting to reconnect...
[2026-05-05 22:27:54] INFO: Reconnect attempt 1...
[2026-05-05 22:27:54] SUCCESS: Joined game! GID: 3
[2026-05-05 22:27:54] INFO: Assigned symbol: o
[2026-05-05 22:27:54] SUCCESS: Re-established connection! GID: 3
[2026-05-05 22:28:54] ERROR: Lost connection! Attempting to reconnect...
[2026-05-05 22:28:54] INFO: Reconnect attempt 1...
[2026-05-05 22:28:54] SUCCESS: Joined game! GID: 3
[2026-05-05 22:28:54] INFO: Assigned symbol: o
[2026-05-05 22:28:54] SUCCESS: Re-established connection! GID: 3
[2026-05-05 22:29:29] ERROR: Lost connection! Attempting to reconnect...
[2026-05-05 22:29:29] INFO: Reconnect attempt 1...
