[INPUT] Enter Port [Default 5000] > 
[2026-05-05 23:32:03] INFO: Connecting to 10.19.12.127:5000...
[2026-05-05 23:32:03] SUCCESS: Joined the game! My GID is 4
[2026-05-05 23:32:03] INFO: Assigned symbol: o
[2026-05-05 23:34:45] ERROR: Lost connection! Attempting to reconnect...
[2026-05-05 23:34:45] INFO: Reconnect attempt 1...
[2026-05-05 23:34:47] SUCCESS: Joined the game! My GID is 1
[2026-05-05 23:34:47] INFO: Assigned symbol: x
[2026-05-05 23:34:47] SUCCESS: Re-established connection! GID: 1
[2026-05-05 23:38:09] ERROR: Lost connection! Attempting to reconnect...
[2026-05-05 23:38:09] INFO: Reconnect attempt 1...
[2026-05-05 23:38:11] SUCCESS: Joined the game! My GID is 2
[2026-05-05 23:38:11] INFO: Assigned symbol: o
[2026-05-05 23:38:11] SUCCESS: Re-established connection! GID: 2
[2026-05-05 23:39:46] ERROR: Lost connection! Attempting to reconnect...
[2026-05-05 23:39:46] INFO: Reconnect attempt 1...
[2026-05-05 23:39:48] WARN: Attempt 1 failed: [WinError 10061] No connection could be made because the target machine actively refused it
[2026-05-05 23:39:50] INFO: Reconnect attempt 2...
[2026-05-05 23:39:51] SUCCESS: Joined the game! My GID is 2
[2026-05-05 23:39:51] INFO: Assigned symbol: o
[2026-05-05 23:39:52] SUCCESS: Re-established connection! GID: 2
[2026-05-05 23:47:58] ERROR: Lost connection! Attempting to reconnect...
[2026-05-05 23:47:58] INFO: Reconnect attempt 1...
[2026-05-05 23:48:00] WARN: Attempt 1 failed: [WinError 10061] No connection could be made because the target machine actively refused it
[2026-05-05 23:48:02] INFO: Reconnect attempt 2...
[2026-05-05 23:48:02] SUCCESS: Joined the game! My GID is 2
[2026-05-05 23:48:02] INFO: Assigned symbol: o
[2026-05-05 23:48:02] SUCCESS: Re-established connection! GID: 2
[2026-05-05 23:48:13] ERROR: Lost connection! Attempting to reconnect...
[2026-05-05 23:48:13] INFO: Reconnect attempt 1...
[2026-05-05 23:48:15] WARN: Attempt 1 failed: [WinError 10061] No connection could be made because the target machine actively refused it
[2026-05-05 23:48:17] INFO: Reconnect attempt 2...
[2026-05-05 23:48:17] ERROR: REJECTED: Version Mismatch (Expected 2.0)
[2026-05-05 23:48:17] WARN: Server is full. Aborting reconnection.
[2026-05-05 23:48:17] ERROR: Recovery failed. Exiting.
