[INPUT] Enter Port [5000] > 
[2026-05-05 22:20:37] INFO: Connecting to 10.19.12.127:5000...
[2026-05-05 22:20:37] SUCCESS: Joined game! GID: 4
[2026-05-05 22:20:37] INFO: Assigned symbol: o
[2026-05-05 22:21:42] ERROR: Lost connection! Attempting to reconnect...
[2026-05-05 22:21:42] INFO: Reconnect attempt 1...
[2026-05-05 22:21:42] SUCCESS: Joined game! GID: 4
[2026-05-05 22:21:42] INFO: Assigned symbol: o
[2026-05-05 22:21:42] SUCCESS: Re-established connection! GID: 4
[2026-05-05 22:22:42] ERROR: Lost connection! Attempting to reconnect...
[2026-05-05 22:22:42] INFO: Reconnect attempt 1...
[2026-05-05 22:22:42] SUCCESS: Joined game! GID: 4
[2026-05-05 22:22:42] INFO: Assigned symbol: o
[2026-05-05 22:22:42] SUCCESS: Re-established connection! GID: 4
[2026-05-05 22:23:42] ERROR: Lost connection! Attempting to reconnect...
[2026-05-05 22:23:42] INFO: Reconnect attempt 1...
[2026-05-05 22:23:42] SUCCESS: Joined game! GID: 4
[2026-05-05 22:23:42] INFO: Assigned symbol: x
[2026-05-05 22:23:42] SUCCESS: Re-established connection! GID: 4
[2026-05-05 22:24:42] ERROR: Lost connection! Attempting to reconnect...
[2026-05-05 22:24:42] INFO: Reconnect attempt 1...
[2026-05-05 22:24:42] SUCCESS: Joined game! GID: 4
[2026-05-05 22:24:42] INFO: Assigned symbol: x
[2026-05-05 22:24:42] SUCCESS: Re-established connection! GID: 4
[2026-05-05 22:25:42] ERROR: Lost connection! Attempting to reconnect...
[2026-05-05 22:25:42] INFO: Reconnect attempt 1...
[2026-05-05 22:25:42] SUCCESS: Joined game! GID: 4
[2026-05-05 22:25:42] INFO: Assigned symbol: x
[2026-05-05 22:25:42] SUCCESS: Re-established connection! GID: 4
[2026-05-05 22:26:42] ERROR: Lost connection! Attempting to reconnect...
[2026-05-05 22:26:42] INFO: Reconnect attempt 1...
[2026-05-05 22:26:42] SUCCESS: Joined game! GID: 4
[2026-05-05 22:26:42] INFO: Assigned symbol: x
[2026-05-05 22:26:42] SUCCESS: Re-established connection! GID: 4
[2026-05-05 22:27:42] ERROR: Lost connection! Attempting to reconnect...
[2026-05-05 22:27:42] INFO: Reconnect attempt 1...
[2026-05-05 22:27:42] SUCCESS: Joined game! GID: 4
[2026-05-05 22:27:42] INFO: Assigned symbol: x
[2026-05-05 22:27:42] SUCCESS: Re-established connection! GID: 4
[2026-05-05 22:28:42] ERROR: Lost connection! Attempting to reconnect...
[2026-05-05 22:28:42] INFO: Reconnect attempt 1...
[2026-05-05 22:28:42] SUCCESS: Joined game! GID: 4
[2026-05-05 22:28:42] INFO: Assigned symbol: x
[2026-05-05 22:28:42] SUCCESS: Re-established connection! GID: 4
[2026-05-05 22:29:29] ERROR: Lost connection! Attempting to reconnect...
[2026-05-05 22:29:29] INFO: Reconnect attempt 1...
[2026-05-05 22:29:31] ERROR: Socket connection failed: [WinError 10061] No connection could be made because the target machine actively refused it
