[INPUT] Select IP (1-2) [Default 1] > 
[INPUT] Enter Port [Default 5000] > 
[2026-05-08 01:13:19] INFO: Server running at 10.19.12.127:5000
[2026-05-08 01:13:19] INFO: Starting server discovery beacon...
[2026-05-08 01:13:19] INFO: Discovery beacon active (Brand: DR_TicTacToe)
[2026-05-08 01:13:19] INFO: Game Logic Loop Started.
[2026-05-08 01:13:19] SUCCESS: Server Listening on ('10.19.12.127', 5000)
[2026-05-08 01:13:25] INFO: GID 1 connected from ('10.19.12.127', 58231)
[2026-05-08 01:13:25] SUCCESS: Player GID 1 connected.
[2026-05-08 01:13:33] INFO: GID 2 connected from ('10.19.12.127', 58241)
[2026-05-08 01:13:33] SUCCESS: Player GID 2 connected.
[2026-05-08 01:13:42] SUCCESS: Move accepted: x at (0, 0)
[2026-05-08 01:13:48] WARN: Invalid move attempted by 2
[2026-05-08 01:13:48] WARN: Early move attempted by 2
[2026-05-08 01:13:50] SUCCESS: Move accepted: o at (0, 1)
[2026-05-08 01:13:51] WARN: Invalid move attempted by 2
[2026-05-08 01:13:51] WARN: Early move attempted by 2
[2026-05-08 01:13:52] WARN: Invalid move attempted by 2
[2026-05-08 01:13:52] WARN: Early move attempted by 2
[2026-05-08 01:13:53] WARN: Invalid move attempted by 2
[2026-05-08 01:13:53] WARN: Early move attempted by 2
[2026-05-08 01:13:55] SUCCESS: Move accepted: x at (1, 1)
[2026-05-08 01:13:56] SUCCESS: Move accepted: o at (0, 2)
[2026-05-08 01:13:57] SUCCESS: Move accepted: x at (1, 2)
[2026-05-08 01:13:59] SUCCESS: Move accepted: o at (2, 1)
[2026-05-08 01:14:00] SUCCESS: Move accepted: x at (1, 0)
[2026-05-08 01:14:00] INFO: x wins the game!
[2026-05-08 01:14:37] WARN: Player GID 2 disconnected.
[2026-05-08 01:14:38] WARN: Player GID 1 disconnected.
